This is pdfTeX, Version 3.14159265-2.6-1.40.16 (TeX Live 2015/Debian) (preloaded format=pdflatex 2017.12.22)  25 APR 2018 16:48
entering extended mode
 restricted \write18 enabled.
 %&-line parsing enabled.
**dissertation
(./dissertation.tex
LaTeX2e <2016/02/01>
Babel <3.9q> and hyphenation patterns for 3 language(s) loaded.
(aux_files/thesis.cls
Document Class: thesis 2010/05/01 University at Albany
(/usr/share/texlive/texmf-dist/tex/latex/base/report.cls
Document Class: report 2014/09/29 v1.4h Standard LaTeX document class
(/usr/share/texlive/texmf-dist/tex/latex/base/size12.clo
File: size12.clo 2014/09/29 v1.4h Standard LaTeX file (size option)
)
\c@part=\count79
\c@chapter=\count80
\c@section=\count81
\c@subsection=\count82
\c@subsubsection=\count83
\c@paragraph=\count84
\c@subparagraph=\count85
\c@figure=\count86
\c@table=\count87
\abovecaptionskip=\skip41
\belowcaptionskip=\skip42
\bibindent=\dimen102
)
\c@firstchapter=\count88
\@tempcntc=\count89
\numcomm=\count90
\numcount=\count91
)
\@input{user_commands.aux}
\openout2 = `user_commands.aux'.

(aux_files/user_commands.tex
(/usr/share/texlive/texmf-dist/tex/latex/base/fontenc.sty
Package: fontenc 2005/09/27 v1.99g Standard LaTeX package

(/usr/share/texlive/texmf-dist/tex/latex/base/t1enc.def
File: t1enc.def 2005/09/27 v1.99g Standard LaTeX file
LaTeX Font Info:    Redeclaring font encoding T1 on input line 48.
))
(/usr/share/texlive/texmf-dist/tex/latex/base/textcomp.sty
Package: textcomp 2005/09/27 v1.99g Standard LaTeX package
Package textcomp Info: Sub-encoding information:
(textcomp)               5 = only ISO-Adobe without \textcurrency
(textcomp)               4 = 5 + \texteuro
(textcomp)               3 = 4 + \textohm
(textcomp)               2 = 3 + \textestimated + \textcurrency
(textcomp)               1 = TS1 - \textcircled - \t
(textcomp)               0 = TS1 (full)
(textcomp)             Font families with sub-encoding setting implement
(textcomp)             only a restricted character set as indicated.
(textcomp)             Family '?' is the default used for unknown fonts.
(textcomp)             See the documentation for details.
Package textcomp Info: Setting ? sub-encoding to TS1/1 on input line 79.

(/usr/share/texlive/texmf-dist/tex/latex/base/ts1enc.def
File: ts1enc.def 2001/06/05 v3.0e (jk/car/fm) Standard LaTeX file
)
LaTeX Info: Redefining \oldstylenums on input line 334.
Package textcomp Info: Setting cmr sub-encoding to TS1/0 on input line 349.
Package textcomp Info: Setting cmss sub-encoding to TS1/0 on input line 350.
Package textcomp Info: Setting cmtt sub-encoding to TS1/0 on input line 351.
Package textcomp Info: Setting cmvtt sub-encoding to TS1/0 on input line 352.
Package textcomp Info: Setting cmbr sub-encoding to TS1/0 on input line 353.
Package textcomp Info: Setting cmtl sub-encoding to TS1/0 on input line 354.
Package textcomp Info: Setting ccr sub-encoding to TS1/0 on input line 355.
Package textcomp Info: Setting ptm sub-encoding to TS1/4 on input line 356.
Package textcomp Info: Setting pcr sub-encoding to TS1/4 on input line 357.
Package textcomp Info: Setting phv sub-encoding to TS1/4 on input line 358.
Package textcomp Info: Setting ppl sub-encoding to TS1/3 on input line 359.
Package textcomp Info: Setting pag sub-encoding to TS1/4 on input line 360.
Package textcomp Info: Setting pbk sub-encoding to TS1/4 on input line 361.
Package textcomp Info: Setting pnc sub-encoding to TS1/4 on input line 362.
Package textcomp Info: Setting pzc sub-encoding to TS1/4 on input line 363.
Package textcomp Info: Setting bch sub-encoding to TS1/4 on input line 364.
Package textcomp Info: Setting put sub-encoding to TS1/5 on input line 365.
Package textcomp Info: Setting uag sub-encoding to TS1/5 on input line 366.
Package textcomp Info: Setting ugq sub-encoding to TS1/5 on input line 367.
Package textcomp Info: Setting ul8 sub-encoding to TS1/4 on input line 368.
Package textcomp Info: Setting ul9 sub-encoding to TS1/4 on input line 369.
Package textcomp Info: Setting augie sub-encoding to TS1/5 on input line 370.
Package textcomp Info: Setting dayrom sub-encoding to TS1/3 on input line 371.
Package textcomp Info: Setting dayroms sub-encoding to TS1/3 on input line 372.

Package textcomp Info: Setting pxr sub-encoding to TS1/0 on input line 373.
Package textcomp Info: Setting pxss sub-encoding to TS1/0 on input line 374.
Package textcomp Info: Setting pxtt sub-encoding to TS1/0 on input line 375.
Package textcomp Info: Setting txr sub-encoding to TS1/0 on input line 376.
Package textcomp Info: Setting txss sub-encoding to TS1/0 on input line 377.
Package textcomp Info: Setting txtt sub-encoding to TS1/0 on input line 378.
Package textcomp Info: Setting lmr sub-encoding to TS1/0 on input line 379.
Package textcomp Info: Setting lmdh sub-encoding to TS1/0 on input line 380.
Package textcomp Info: Setting lmss sub-encoding to TS1/0 on input line 381.
Package textcomp Info: Setting lmssq sub-encoding to TS1/0 on input line 382.
Package textcomp Info: Setting lmvtt sub-encoding to TS1/0 on input line 383.
Package textcomp Info: Setting lmtt sub-encoding to TS1/0 on input line 384.
Package textcomp Info: Setting qhv sub-encoding to TS1/0 on input line 385.
Package textcomp Info: Setting qag sub-encoding to TS1/0 on input line 386.
Package textcomp Info: Setting qbk sub-encoding to TS1/0 on input line 387.
Package textcomp Info: Setting qcr sub-encoding to TS1/0 on input line 388.
Package textcomp Info: Setting qcs sub-encoding to TS1/0 on input line 389.
Package textcomp Info: Setting qpl sub-encoding to TS1/0 on input line 390.
Package textcomp Info: Setting qtm sub-encoding to TS1/0 on input line 391.
Package textcomp Info: Setting qzc sub-encoding to TS1/0 on input line 392.
Package textcomp Info: Setting qhvc sub-encoding to TS1/0 on input line 393.
Package textcomp Info: Setting futs sub-encoding to TS1/4 on input line 394.
Package textcomp Info: Setting futx sub-encoding to TS1/4 on input line 395.
Package textcomp Info: Setting futj sub-encoding to TS1/4 on input line 396.
Package textcomp Info: Setting hlh sub-encoding to TS1/3 on input line 397.
Package textcomp Info: Setting hls sub-encoding to TS1/3 on input line 398.
Package textcomp Info: Setting hlst sub-encoding to TS1/3 on input line 399.
Package textcomp Info: Setting hlct sub-encoding to TS1/5 on input line 400.
Package textcomp Info: Setting hlx sub-encoding to TS1/5 on input line 401.
Package textcomp Info: Setting hlce sub-encoding to TS1/5 on input line 402.
Package textcomp Info: Setting hlcn sub-encoding to TS1/5 on input line 403.
Package textcomp Info: Setting hlcw sub-encoding to TS1/5 on input line 404.
Package textcomp Info: Setting hlcf sub-encoding to TS1/5 on input line 405.
Package textcomp Info: Setting pplx sub-encoding to TS1/3 on input line 406.
Package textcomp Info: Setting pplj sub-encoding to TS1/3 on input line 407.
Package textcomp Info: Setting ptmx sub-encoding to TS1/4 on input line 408.
Package textcomp Info: Setting ptmj sub-encoding to TS1/4 on input line 409.
)
(/usr/share/texlive/texmf-dist/tex/latex/was/gensymb.sty
Package: gensymb 2003/07/02 v1.0 (WaS)
)
(/usr/share/texlive/texmf-dist/tex/latex/yfonts/yfonts.sty
Package: yfonts 2003/01/08 v1.3 (WaS)
)
(/usr/share/texlive/texmf-dist/tex/latex/graphics/color.sty
Package: color 2016/01/03 v1.1b Standard LaTeX Color (DPC)

(/usr/share/texlive/texmf-dist/tex/latex/latexconfig/color.cfg
File: color.cfg 2007/01/18 v1.5 color configuration of teTeX/TeXLive
)
Package color Info: Driver file: pdftex.def on input line 143.

(/usr/share/texlive/texmf-dist/tex/latex/pdftex-def/pdftex.def
File: pdftex.def 2011/05/27 v0.06d Graphics/color for pdfTeX

(/usr/share/texlive/texmf-dist/tex/generic/oberdiek/infwarerr.sty
Package: infwarerr 2010/04/08 v1.3 Providing info/warning/error messages (HO)
)
(/usr/share/texlive/texmf-dist/tex/generic/oberdiek/ltxcmds.sty
Package: ltxcmds 2011/11/09 v1.22 LaTeX kernel commands for general use (HO)
)
\Gread@gobject=\count92
))
(/usr/share/texlive/texmf-dist/tex/latex/fancyhdr/fancyhdr.sty
\fancy@headwidth=\skip43
\f@ncyO@elh=\skip44
\f@ncyO@erh=\skip45
\f@ncyO@olh=\skip46
\f@ncyO@orh=\skip47
\f@ncyO@elf=\skip48
\f@ncyO@erf=\skip49
\f@ncyO@olf=\skip50
\f@ncyO@orf=\skip51
)
(/usr/share/texlive/texmf-dist/tex/latex/natbib/natbib.sty
Package: natbib 2010/09/13 8.31b (PWD, AO)
\bibhang=\skip52
\bibsep=\skip53
LaTeX Info: Redefining \cite on input line 694.
\c@NAT@ctr=\count93
)
(/usr/share/texlive/texmf-dist/tex/latex/base/inputenc.sty
Package: inputenc 2015/03/17 v1.2c Input encoding file
\inpenc@prehook=\toks14
\inpenc@posthook=\toks15

(/usr/share/texlive/texmf-dist/tex/latex/base/utf8.def
File: utf8.def 2015/12/03 v1.1r UTF-8 support for inputenc
Now handling font encoding OML ...
... no UTF-8 mapping file for font encoding OML
Now handling font encoding T1 ...
... processing UTF-8 mapping file for font encoding T1

(/usr/share/texlive/texmf-dist/tex/latex/base/t1enc.dfu
File: t1enc.dfu 2015/12/03 v1.1r UTF-8 support for inputenc
   defining Unicode char U+00A0 (decimal 160)
   defining Unicode char U+00A1 (decimal 161)
   defining Unicode char U+00A3 (decimal 163)
   defining Unicode char U+00AB (decimal 171)
   defining Unicode char U+00AD (decimal 173)
   defining Unicode char U+00BB (decimal 187)
   defining Unicode char U+00BF (decimal 191)
   defining Unicode char U+00C0 (decimal 192)
   defining Unicode char U+00C1 (decimal 193)
   defining Unicode char U+00C2 (decimal 194)
   defining Unicode char U+00C3 (decimal 195)
   defining Unicode char U+00C4 (decimal 196)
   defining Unicode char U+00C5 (decimal 197)
   defining Unicode char U+00C6 (decimal 198)
   defining Unicode char U+00C7 (decimal 199)
   defining Unicode char U+00C8 (decimal 200)
   defining Unicode char U+00C9 (decimal 201)
   defining Unicode char U+00CA (decimal 202)
   defining Unicode char U+00CB (decimal 203)
   defining Unicode char U+00CC (decimal 204)
   defining Unicode char U+00CD (decimal 205)
   defining Unicode char U+00CE (decimal 206)
   defining Unicode char U+00CF (decimal 207)
   defining Unicode char U+00D0 (decimal 208)
   defining Unicode char U+00D1 (decimal 209)
   defining Unicode char U+00D2 (decimal 210)
   defining Unicode char U+00D3 (decimal 211)
   defining Unicode char U+00D4 (decimal 212)
   defining Unicode char U+00D5 (decimal 213)
   defining Unicode char U+00D6 (decimal 214)
   defining Unicode char U+00D8 (decimal 216)
   defining Unicode char U+00D9 (decimal 217)
   defining Unicode char U+00DA (decimal 218)
   defining Unicode char U+00DB (decimal 219)
   defining Unicode char U+00DC (decimal 220)
   defining Unicode char U+00DD (decimal 221)
   defining Unicode char U+00DE (decimal 222)
   defining Unicode char U+00DF (decimal 223)
   defining Unicode char U+00E0 (decimal 224)
   defining Unicode char U+00E1 (decimal 225)
   defining Unicode char U+00E2 (decimal 226)
   defining Unicode char U+00E3 (decimal 227)
   defining Unicode char U+00E4 (decimal 228)
   defining Unicode char U+00E5 (decimal 229)
   defining Unicode char U+00E6 (decimal 230)
   defining Unicode char U+00E7 (decimal 231)
   defining Unicode char U+00E8 (decimal 232)
   defining Unicode char U+00E9 (decimal 233)
   defining Unicode char U+00EA (decimal 234)
   defining Unicode char U+00EB (decimal 235)
   defining Unicode char U+00EC (decimal 236)
   defining Unicode char U+00ED (decimal 237)
   defining Unicode char U+00EE (decimal 238)
   defining Unicode char U+00EF (decimal 239)
   defining Unicode char U+00F0 (decimal 240)
   defining Unicode char U+00F1 (decimal 241)
   defining Unicode char U+00F2 (decimal 242)
   defining Unicode char U+00F3 (decimal 243)
   defining Unicode char U+00F4 (decimal 244)
   defining Unicode char U+00F5 (decimal 245)
   defining Unicode char U+00F6 (decimal 246)
   defining Unicode char U+00F8 (decimal 248)
   defining Unicode char U+00F9 (decimal 249)
   defining Unicode char U+00FA (decimal 250)
   defining Unicode char U+00FB (decimal 251)
   defining Unicode char U+00FC (decimal 252)
   defining Unicode char U+00FD (decimal 253)
   defining Unicode char U+00FE (decimal 254)
   defining Unicode char U+00FF (decimal 255)
   defining Unicode char U+0100 (decimal 256)
   defining Unicode char U+0101 (decimal 257)
   defining Unicode char U+0102 (decimal 258)
   defining Unicode char U+0103 (decimal 259)
   defining Unicode char U+0104 (decimal 260)
   defining Unicode char U+0105 (decimal 261)
   defining Unicode char U+0106 (decimal 262)
   defining Unicode char U+0107 (decimal 263)
   defining Unicode char U+0108 (decimal 264)
   defining Unicode char U+0109 (decimal 265)
   defining Unicode char U+010A (decimal 266)
   defining Unicode char U+010B (decimal 267)
   defining Unicode char U+010C (decimal 268)
   defining Unicode char U+010D (decimal 269)
   defining Unicode char U+010E (decimal 270)
   defining Unicode char U+010F (decimal 271)
   defining Unicode char U+0110 (decimal 272)
   defining Unicode char U+0111 (decimal 273)
   defining Unicode char U+0112 (decimal 274)
   defining Unicode char U+0113 (decimal 275)
   defining Unicode char U+0114 (decimal 276)
   defining Unicode char U+0115 (decimal 277)
   defining Unicode char U+0116 (decimal 278)
   defining Unicode char U+0117 (decimal 279)
   defining Unicode char U+0118 (decimal 280)
   defining Unicode char U+0119 (decimal 281)
   defining Unicode char U+011A (decimal 282)
   defining Unicode char U+011B (decimal 283)
   defining Unicode char U+011C (decimal 284)
   defining Unicode char U+011D (decimal 285)
   defining Unicode char U+011E (decimal 286)
   defining Unicode char U+011F (decimal 287)
   defining Unicode char U+0120 (decimal 288)
   defining Unicode char U+0121 (decimal 289)
   defining Unicode char U+0122 (decimal 290)
   defining Unicode char U+0123 (decimal 291)
   defining Unicode char U+0124 (decimal 292)
   defining Unicode char U+0125 (decimal 293)
   defining Unicode char U+0128 (decimal 296)
   defining Unicode char U+0129 (decimal 297)
   defining Unicode char U+012A (decimal 298)
   defining Unicode char U+012B (decimal 299)
   defining Unicode char U+012C (decimal 300)
   defining Unicode char U+012D (decimal 301)
   defining Unicode char U+012E (decimal 302)
   defining Unicode char U+012F (decimal 303)
   defining Unicode char U+0130 (decimal 304)
   defining Unicode char U+0131 (decimal 305)
   defining Unicode char U+0132 (decimal 306)
   defining Unicode char U+0133 (decimal 307)
   defining Unicode char U+0134 (decimal 308)
   defining Unicode char U+0135 (decimal 309)
   defining Unicode char U+0136 (decimal 310)
   defining Unicode char U+0137 (decimal 311)
   defining Unicode char U+0139 (decimal 313)
   defining Unicode char U+013A (decimal 314)
   defining Unicode char U+013B (decimal 315)
   defining Unicode char U+013C (decimal 316)
   defining Unicode char U+013D (decimal 317)
   defining Unicode char U+013E (decimal 318)
   defining Unicode char U+0141 (decimal 321)
   defining Unicode char U+0142 (decimal 322)
   defining Unicode char U+0143 (decimal 323)
   defining Unicode char U+0144 (decimal 324)
   defining Unicode char U+0145 (decimal 325)
   defining Unicode char U+0146 (decimal 326)
   defining Unicode char U+0147 (decimal 327)
   defining Unicode char U+0148 (decimal 328)
   defining Unicode char U+014A (decimal 330)
   defining Unicode char U+014B (decimal 331)
   defining Unicode char U+014C (decimal 332)
   defining Unicode char U+014D (decimal 333)
   defining Unicode char U+014E (decimal 334)
   defining Unicode char U+014F (decimal 335)
   defining Unicode char U+0150 (decimal 336)
   defining Unicode char U+0151 (decimal 337)
   defining Unicode char U+0152 (decimal 338)
   defining Unicode char U+0153 (decimal 339)
   defining Unicode char U+0154 (decimal 340)
   defining Unicode char U+0155 (decimal 341)
   defining Unicode char U+0156 (decimal 342)
   defining Unicode char U+0157 (decimal 343)
   defining Unicode char U+0158 (decimal 344)
   defining Unicode char U+0159 (decimal 345)
   defining Unicode char U+015A (decimal 346)
   defining Unicode char U+015B (decimal 347)
   defining Unicode char U+015C (decimal 348)
   defining Unicode char U+015D (decimal 349)
   defining Unicode char U+015E (decimal 350)
   defining Unicode char U+015F (decimal 351)
   defining Unicode char U+0160 (decimal 352)
   defining Unicode char U+0161 (decimal 353)
   defining Unicode char U+0162 (decimal 354)
   defining Unicode char U+0163 (decimal 355)
   defining Unicode char U+0164 (decimal 356)
   defining Unicode char U+0165 (decimal 357)
   defining Unicode char U+0168 (decimal 360)
   defining Unicode char U+0169 (decimal 361)
   defining Unicode char U+016A (decimal 362)
   defining Unicode char U+016B (decimal 363)
   defining Unicode char U+016C (decimal 364)
   defining Unicode char U+016D (decimal 365)
   defining Unicode char U+016E (decimal 366)
   defining Unicode char U+016F (decimal 367)
   defining Unicode char U+0170 (decimal 368)
   defining Unicode char U+0171 (decimal 369)
   defining Unicode char U+0172 (decimal 370)
   defining Unicode char U+0173 (decimal 371)
   defining Unicode char U+0174 (decimal 372)
   defining Unicode char U+0175 (decimal 373)
   defining Unicode char U+0176 (decimal 374)
   defining Unicode char U+0177 (decimal 375)
   defining Unicode char U+0178 (decimal 376)
   defining Unicode char U+0179 (decimal 377)
   defining Unicode char U+017A (decimal 378)
   defining Unicode char U+017B (decimal 379)
   defining Unicode char U+017C (decimal 380)
   defining Unicode char U+017D (decimal 381)
   defining Unicode char U+017E (decimal 382)
   defining Unicode char U+01CD (decimal 461)
   defining Unicode char U+01CE (decimal 462)
   defining Unicode char U+01CF (decimal 463)
   defining Unicode char U+01D0 (decimal 464)
   defining Unicode char U+01D1 (decimal 465)
   defining Unicode char U+01D2 (decimal 466)
   defining Unicode char U+01D3 (decimal 467)
   defining Unicode char U+01D4 (decimal 468)
   defining Unicode char U+01E2 (decimal 482)
   defining Unicode char U+01E3 (decimal 483)
   defining Unicode char U+01E6 (decimal 486)
   defining Unicode char U+01E7 (decimal 487)
   defining Unicode char U+01E8 (decimal 488)
   defining Unicode char U+01E9 (decimal 489)
   defining Unicode char U+01EA (decimal 490)
   defining Unicode char U+01EB (decimal 491)
   defining Unicode char U+01F0 (decimal 496)
   defining Unicode char U+01F4 (decimal 500)
   defining Unicode char U+01F5 (decimal 501)
   defining Unicode char U+0218 (decimal 536)
   defining Unicode char U+0219 (decimal 537)
   defining Unicode char U+021A (decimal 538)
   defining Unicode char U+021B (decimal 539)
   defining Unicode char U+01E02 (decimal 7682)
   defining Unicode char U+01E03 (decimal 7683)
   defining Unicode char U+200C (decimal 8204)
   defining Unicode char U+2013 (decimal 8211)
   defining Unicode char U+2014 (decimal 8212)
   defining Unicode char U+2018 (decimal 8216)
   defining Unicode char U+2019 (decimal 8217)
   defining Unicode char U+201A (decimal 8218)
   defining Unicode char U+201C (decimal 8220)
   defining Unicode char U+201D (decimal 8221)
   defining Unicode char U+201E (decimal 8222)
   defining Unicode char U+2030 (decimal 8240)
   defining Unicode char U+2031 (decimal 8241)
   defining Unicode char U+2039 (decimal 8249)
   defining Unicode char U+203A (decimal 8250)
   defining Unicode char U+2423 (decimal 9251)
)
Now handling font encoding OT1 ...
... processing UTF-8 mapping file for font encoding OT1

(/usr/share/texlive/texmf-dist/tex/latex/base/ot1enc.dfu
File: ot1enc.dfu 2015/12/03 v1.1r UTF-8 support for inputenc
   defining Unicode char U+00A0 (decimal 160)
   defining Unicode char U+00A1 (decimal 161)
   defining Unicode char U+00A3 (decimal 163)
   defining Unicode char U+00AD (decimal 173)
   defining Unicode char U+00B8 (decimal 184)
   defining Unicode char U+00BF (decimal 191)
   defining Unicode char U+00C5 (decimal 197)
   defining Unicode char U+00C6 (decimal 198)
   defining Unicode char U+00D8 (decimal 216)
   defining Unicode char U+00DF (decimal 223)
   defining Unicode char U+00E6 (decimal 230)
   defining Unicode char U+00EC (decimal 236)
   defining Unicode char U+00ED (decimal 237)
   defining Unicode char U+00EE (decimal 238)
   defining Unicode char U+00EF (decimal 239)
   defining Unicode char U+00F8 (decimal 248)
   defining Unicode char U+0131 (decimal 305)
   defining Unicode char U+0141 (decimal 321)
   defining Unicode char U+0142 (decimal 322)
   defining Unicode char U+0152 (decimal 338)
   defining Unicode char U+0153 (decimal 339)
   defining Unicode char U+0174 (decimal 372)
   defining Unicode char U+0175 (decimal 373)
   defining Unicode char U+0176 (decimal 374)
   defining Unicode char U+0177 (decimal 375)
   defining Unicode char U+0218 (decimal 536)
   defining Unicode char U+0219 (decimal 537)
   defining Unicode char U+021A (decimal 538)
   defining Unicode char U+021B (decimal 539)
   defining Unicode char U+2013 (decimal 8211)
   defining Unicode char U+2014 (decimal 8212)
   defining Unicode char U+2018 (decimal 8216)
   defining Unicode char U+2019 (decimal 8217)
   defining Unicode char U+201C (decimal 8220)
   defining Unicode char U+201D (decimal 8221)
)
Now handling font encoding OMS ...
... processing UTF-8 mapping file for font encoding OMS

(/usr/share/texlive/texmf-dist/tex/latex/base/omsenc.dfu
File: omsenc.dfu 2015/12/03 v1.1r UTF-8 support for inputenc
   defining Unicode char U+00A7 (decimal 167)
   defining Unicode char U+00B6 (decimal 182)
   defining Unicode char U+00B7 (decimal 183)
   defining Unicode char U+2020 (decimal 8224)
   defining Unicode char U+2021 (decimal 8225)
   defining Unicode char U+2022 (decimal 8226)
)
Now handling font encoding OMX ...
... no UTF-8 mapping file for font encoding OMX
Now handling font encoding U ...
... no UTF-8 mapping file for font encoding U
Now handling font encoding TS1 ...
... processing UTF-8 mapping file for font encoding TS1

(/usr/share/texlive/texmf-dist/tex/latex/base/ts1enc.dfu
File: ts1enc.dfu 2015/12/03 v1.1r UTF-8 support for inputenc
   defining Unicode char U+00A2 (decimal 162)
   defining Unicode char U+00A3 (decimal 163)
   defining Unicode char U+00A4 (decimal 164)
   defining Unicode char U+00A5 (decimal 165)
   defining Unicode char U+00A6 (decimal 166)
   defining Unicode char U+00A7 (decimal 167)
   defining Unicode char U+00A8 (decimal 168)
   defining Unicode char U+00A9 (decimal 169)
   defining Unicode char U+00AA (decimal 170)
   defining Unicode char U+00AC (decimal 172)
   defining Unicode char U+00AE (decimal 174)
   defining Unicode char U+00AF (decimal 175)
   defining Unicode char U+00B0 (decimal 176)
   defining Unicode char U+00B1 (decimal 177)
   defining Unicode char U+00B2 (decimal 178)
   defining Unicode char U+00B3 (decimal 179)
   defining Unicode char U+00B4 (decimal 180)
   defining Unicode char U+00B5 (decimal 181)
   defining Unicode char U+00B6 (decimal 182)
   defining Unicode char U+00B7 (decimal 183)
   defining Unicode char U+00B9 (decimal 185)
   defining Unicode char U+00BA (decimal 186)
   defining Unicode char U+00BC (decimal 188)
   defining Unicode char U+00BD (decimal 189)
   defining Unicode char U+00BE (decimal 190)
   defining Unicode char U+00D7 (decimal 215)
   defining Unicode char U+00F7 (decimal 247)
   defining Unicode char U+0192 (decimal 402)
   defining Unicode char U+02C7 (decimal 711)
   defining Unicode char U+02D8 (decimal 728)
   defining Unicode char U+02DD (decimal 733)
   defining Unicode char U+0E3F (decimal 3647)
   defining Unicode char U+2016 (decimal 8214)
   defining Unicode char U+2020 (decimal 8224)
   defining Unicode char U+2021 (decimal 8225)
   defining Unicode char U+2022 (decimal 8226)
   defining Unicode char U+2030 (decimal 8240)
   defining Unicode char U+2031 (decimal 8241)
   defining Unicode char U+203B (decimal 8251)
   defining Unicode char U+203D (decimal 8253)
   defining Unicode char U+2044 (decimal 8260)
   defining Unicode char U+204E (decimal 8270)
   defining Unicode char U+2052 (decimal 8274)
   defining Unicode char U+20A1 (decimal 8353)
   defining Unicode char U+20A4 (decimal 8356)
   defining Unicode char U+20A6 (decimal 8358)
   defining Unicode char U+20A9 (decimal 8361)
   defining Unicode char U+20AB (decimal 8363)
   defining Unicode char U+20AC (decimal 8364)
   defining Unicode char U+20B1 (decimal 8369)
   defining Unicode char U+2103 (decimal 8451)
   defining Unicode char U+2116 (decimal 8470)
   defining Unicode char U+2117 (decimal 8471)
   defining Unicode char U+211E (decimal 8478)
   defining Unicode char U+2120 (decimal 8480)
   defining Unicode char U+2122 (decimal 8482)
   defining Unicode char U+2126 (decimal 8486)
   defining Unicode char U+2127 (decimal 8487)
   defining Unicode char U+212E (decimal 8494)
   defining Unicode char U+2190 (decimal 8592)
   defining Unicode char U+2191 (decimal 8593)
   defining Unicode char U+2192 (decimal 8594)
   defining Unicode char U+2193 (decimal 8595)
   defining Unicode char U+2329 (decimal 9001)
   defining Unicode char U+232A (decimal 9002)
   defining Unicode char U+2422 (decimal 9250)
   defining Unicode char U+25E6 (decimal 9702)
   defining Unicode char U+25EF (decimal 9711)
   defining Unicode char U+266A (decimal 9834)
)
Now handling font encoding LY ...
... no UTF-8 mapping file for font encoding LY
Now handling font encoding LYG ...
... no UTF-8 mapping file for font encoding LYG
   defining Unicode char U+00A9 (decimal 169)
   defining Unicode char U+00AA (decimal 170)
   defining Unicode char U+00AE (decimal 174)
   defining Unicode char U+00BA (decimal 186)
   defining Unicode char U+02C6 (decimal 710)
   defining Unicode char U+02DC (decimal 732)
   defining Unicode char U+200C (decimal 8204)
   defining Unicode char U+2026 (decimal 8230)
   defining Unicode char U+2122 (decimal 8482)
   defining Unicode char U+2423 (decimal 9251)
))
(/usr/share/texlive/texmf-dist/tex/latex/glossaries/base/glossaries.sty
Package: glossaries 2016/01/24 v4.21 (NLCT)

(/usr/share/texlive/texmf-dist/tex/latex/base/ifthen.sty
Package: ifthen 2014/09/29 v1.1c Standard LaTeX ifthen package (DPC)
)
(/usr/share/texlive/texmf-dist/tex/latex/xkeyval/xkeyval.sty
Package: xkeyval 2014/12/03 v2.7a package option processing (HA)

(/usr/share/texlive/texmf-dist/tex/generic/xkeyval/xkeyval.tex
(/usr/share/texlive/texmf-dist/tex/generic/xkeyval/xkvutils.tex
\XKV@toks=\toks16
\XKV@tempa@toks=\toks17

(/usr/share/texlive/texmf-dist/tex/generic/xkeyval/keyval.tex))
\XKV@depth=\count94
File: xkeyval.tex 2014/12/03 v2.7a key=value parser (HA)
))
(/usr/share/texlive/texmf-dist/tex/latex/mfirstuc/mfirstuc.sty
Package: mfirstuc 2015/12/17 v2.02 (NLCT)

(/usr/share/texlive/texmf-dist/tex/latex/etoolbox/etoolbox.sty
Package: etoolbox 2015/08/02 v2.2a e-TeX tools for LaTeX (JAW)
\etb@tempcnta=\count95
)
\@glsmfirst=\toks18
\@glsmrest=\toks19
)
(/usr/share/texlive/texmf-dist/tex/latex/textcase/textcase.sty
Package: textcase 2004/10/07 v0.07 Text only upper/lower case changing (DPC)
)
(/usr/share/texlive/texmf-dist/tex/latex/xfor/xfor.sty
Package: xfor 2009/02/05 v1.05 (NLCT)
)
(/usr/share/texlive/texmf-dist/tex/latex/datatool/datatool-base.sty
Package: datatool-base 2016/01/18 v2.25 (NLCT)

(/usr/share/texlive/texmf-dist/tex/latex/amsmath/amsmath.sty
Package: amsmath 2016/03/03 v2.15a AMS math features
\@mathmargin=\skip54

For additional information on amsmath, use the `?' option.
(/usr/share/texlive/texmf-dist/tex/latex/amsmath/amstext.sty
Package: amstext 2000/06/29 v2.01 AMS text

(/usr/share/texlive/texmf-dist/tex/latex/amsmath/amsgen.sty
File: amsgen.sty 1999/11/30 v2.0 generic functions
\@emptytoks=\toks20
\ex@=\dimen103
))
(/usr/share/texlive/texmf-dist/tex/latex/amsmath/amsbsy.sty
Package: amsbsy 1999/11/29 v1.2d Bold Symbols
\pmbraise@=\dimen104
)
(/usr/share/texlive/texmf-dist/tex/latex/amsmath/amsopn.sty
Package: amsopn 1999/12/14 v2.01 operator names
)
\inf@bad=\count96
LaTeX Info: Redefining \frac on input line 199.
\uproot@=\count97
\leftroot@=\count98
LaTeX Info: Redefining \overline on input line 297.
\classnum@=\count99
\DOTSCASE@=\count100
LaTeX Info: Redefining \ldots on input line 394.
LaTeX Info: Redefining \dots on input line 397.
LaTeX Info: Redefining \cdots on input line 518.
\Mathstrutbox@=\box26
\strutbox@=\box27
\big@size=\dimen105
LaTeX Font Info:    Redeclaring font encoding OML on input line 630.
LaTeX Font Info:    Redeclaring font encoding OMS on input line 631.
\macc@depth=\count101
\c@MaxMatrixCols=\count102
\dotsspace@=\muskip10
\c@parentequation=\count103
\dspbrk@lvl=\count104
\tag@help=\toks21
\row@=\count105
\column@=\count106
\maxfields@=\count107
\andhelp@=\toks22
\eqnshift@=\dimen106
\alignsep@=\dimen107
\tagshift@=\dimen108
\tagwidth@=\dimen109
\totwidth@=\dimen110
\lineht@=\dimen111
\@envbody=\toks23
\multlinegap=\skip55
\multlinetaggap=\skip56
\mathdisplay@stack=\toks24
LaTeX Info: Redefining \[ on input line 2735.
LaTeX Info: Redefining \] on input line 2736.
)
(/usr/share/texlive/texmf-dist/tex/latex/substr/substr.sty
Package: substr 2009/10/20 v1.2 Handle substrings
\c@su@anzahl=\count108
)
(/usr/share/texlive/texmf-dist/tex/latex/datatool/datatool-fp.sty
Package: datatool-fp 2016/01/18 v2.25 (NLCT)

(/usr/share/texlive/texmf-dist/tex/latex/fp/fp.sty
Package: fp 1995/04/02

`Fixed Point Package', Version 0.8, April 2, 1995 (C) Michael Mehlich
(/usr/share/texlive/texmf-dist/tex/latex/fp/defpattern.sty
Package: defpattern 1994/10/12
\actioncount=\count109
)
(/usr/share/texlive/texmf-dist/tex/latex/fp/fp-basic.sty
Package: fp-basic 1996/05/13
\FP@xs=\count110
\FP@xia=\count111
\FP@xib=\count112
\FP@xfa=\count113
\FP@xfb=\count114
\FP@rega=\count115
\FP@regb=\count116
\FP@regs=\count117
\FP@times=\count118
)
(/usr/share/texlive/texmf-dist/tex/latex/fp/fp-addons.sty
Package: fp-addons 1995/03/15
)
(/usr/share/texlive/texmf-dist/tex/latex/fp/fp-snap.sty
Package: fp-snap 1995/04/05
)
(/usr/share/texlive/texmf-dist/tex/latex/fp/fp-exp.sty
Package: fp-exp 1995/04/03
)
(/usr/share/texlive/texmf-dist/tex/latex/fp/fp-trigo.sty
Package: fp-trigo 1995/04/14
)
(/usr/share/texlive/texmf-dist/tex/latex/fp/fp-pas.sty
Package: fp-pas 1994/08/29
)
(/usr/share/texlive/texmf-dist/tex/latex/fp/fp-random.sty
Package: fp-random 1995/02/23
\FPseed=\count119
)
(/usr/share/texlive/texmf-dist/tex/latex/fp/fp-eqn.sty
Package: fp-eqn 1995/04/03
)
(/usr/share/texlive/texmf-dist/tex/latex/fp/fp-upn.sty
Package: fp-upn 1996/10/21
)
(/usr/share/texlive/texmf-dist/tex/latex/fp/fp-eval.sty
Package: fp-eval 1995/04/03
)))
\@dtl@toks=\toks25
\@dtl@tmpcount=\count120
\dtl@tmplength=\skip57
\dtl@sortresult=\count121
\@dtl@numgrpsepcount=\count122
\@dtl@datatype=\count123
\dtl@codeA=\count124
\dtl@codeB=\count125
\@dtl@foreach@level=\count126
)
(/usr/share/texlive/texmf-dist/tex/latex/glossaries/base/glossaries-compatible-
307.sty
Package: glossaries-compatible-307 2016/01/24 v4.21 (NLCT)
)
\gls@level=\count127
\@gls@tmpb=\toks26
\gls@tmplen=\skip58
\glskeylisttok=\toks27
\glslabeltok=\toks28
\glsshorttok=\toks29
\glslongtok=\toks30

(/usr/share/texlive/texmf-dist/tex/latex/glossaries/styles/glossary-hypernav.st
y
Package: glossary-hypernav 2016/01/24 v4.21 (NLCT)
) (/usr/share/texlive/texmf-dist/tex/latex/glossaries/styles/glossary-list.sty
Package: glossary-list 2016/01/24 v4.21 (NLCT)
\glslistdottedwidth=\skip59
) (/usr/share/texlive/texmf-dist/tex/latex/glossaries/styles/glossary-long.sty
Package: glossary-long 2016/01/24 v4.21 (NLCT)

(/usr/share/texlive/texmf-dist/tex/latex/tools/longtable.sty
Package: longtable 2014/10/28 v4.11 Multi-page Table package (DPC)
\LTleft=\skip60
\LTright=\skip61
\LTpre=\skip62
\LTpost=\skip63
\LTchunksize=\count128
\LTcapwidth=\dimen112
\LT@head=\box28
\LT@firsthead=\box29
\LT@foot=\box30
\LT@lastfoot=\box31
\LT@cols=\count129
\LT@rows=\count130
\c@LT@tables=\count131
\c@LT@chunks=\count132
\LT@p@ftn=\toks31
)
\glsdescwidth=\skip64
\glspagelistwidth=\skip65
)
(/usr/share/texlive/texmf-dist/tex/latex/glossaries/styles/glossary-super.sty
Package: glossary-super 2016/01/24 v4.21 (NLCT)

(/usr/share/texlive/texmf-dist/tex/latex/supertabular/supertabular.sty
Package: supertabular 2004/02/20 v4.1e the supertabular environment
\c@tracingst=\count133
\ST@wd=\dimen113
\ST@rightskip=\skip66
\ST@leftskip=\skip67
\ST@parfillskip=\skip68
\ST@pageleft=\dimen114
\ST@headht=\dimen115
\ST@tailht=\dimen116
\ST@pagesofar=\dimen117
\ST@pboxht=\dimen118
\ST@lineht=\dimen119
\ST@stretchht=\dimen120
\ST@prevht=\dimen121
\ST@toadd=\dimen122
\ST@dimen=\dimen123
\ST@pbox=\box32
))
(/usr/share/texlive/texmf-dist/tex/latex/glossaries/styles/glossary-tree.sty
Package: glossary-tree 2016/01/24 v4.21 (NLCT)
\glstreeindent=\skip69
))
(/usr/share/texlive/texmf-dist/tex/latex/rotating/rotating.sty
Package: rotating 2009/03/28 v2.16a rotated objects in LaTeX

(/usr/share/texlive/texmf-dist/tex/latex/graphics/graphicx.sty
Package: graphicx 2014/10/28 v1.0g Enhanced LaTeX Graphics (DPC,SPQR)

(/usr/share/texlive/texmf-dist/tex/latex/graphics/graphics.sty
Package: graphics 2016/01/03 v1.0q Standard LaTeX Graphics (DPC,SPQR)

(/usr/share/texlive/texmf-dist/tex/latex/graphics/trig.sty
Package: trig 2016/01/03 v1.10 sin cos tan (DPC)
)
(/usr/share/texlive/texmf-dist/tex/latex/latexconfig/graphics.cfg
File: graphics.cfg 2010/04/23 v1.9 graphics configuration of TeX Live
)
Package graphics Info: Driver file: pdftex.def on input line 95.
)
\Gin@req@height=\dimen124
\Gin@req@width=\dimen125
)
\c@r@tfl@t=\count134
\rotFPtop=\skip70
\rotFPbot=\skip71
\rot@float@box=\box33
\rot@mess@toks=\toks32
)
(/usr/share/texlive/texmf-dist/tex/latex/booktabs/booktabs.sty
Package: booktabs 2005/04/14 v1.61803 publication quality tables
\heavyrulewidth=\dimen126
\lightrulewidth=\dimen127
\cmidrulewidth=\dimen128
\belowrulesep=\dimen129
\belowbottomsep=\dimen130
\aboverulesep=\dimen131
\abovetopsep=\dimen132
\cmidrulesep=\dimen133
\cmidrulekern=\dimen134
\defaultaddspace=\dimen135
\@cmidla=\count135
\@cmidlb=\count136
\@aboverulesep=\dimen136
\@belowrulesep=\dimen137
\@thisruleclass=\count137
\@lastruleclass=\count138
\@thisrulewidth=\dimen138
)
(/usr/share/texlive/texmf-dist/tex/latex/hyperref/hyperref.sty
Package: hyperref 2012/11/06 v6.83m Hypertext links for LaTeX

(/usr/share/texlive/texmf-dist/tex/generic/oberdiek/hobsub-hyperref.sty
Package: hobsub-hyperref 2012/05/28 v1.13 Bundle oberdiek, subset hyperref (HO)


(/usr/share/texlive/texmf-dist/tex/generic/oberdiek/hobsub-generic.sty
Package: hobsub-generic 2012/05/28 v1.13 Bundle oberdiek, subset generic (HO)
Package: hobsub 2012/05/28 v1.13 Construct package bundles (HO)
Package hobsub Info: Skipping package `infwarerr' (already loaded).
Package hobsub Info: Skipping package `ltxcmds' (already loaded).
Package: ifluatex 2010/03/01 v1.3 Provides the ifluatex switch (HO)
Package ifluatex Info: LuaTeX not detected.
Package: ifvtex 2010/03/01 v1.5 Detect VTeX and its facilities (HO)
Package ifvtex Info: VTeX not detected.
Package: intcalc 2007/09/27 v1.1 Expandable calculations with integers (HO)
Package: ifpdf 2011/01/30 v2.3 Provides the ifpdf switch (HO)
Package ifpdf Info: pdfTeX in PDF mode is detected.
Package: etexcmds 2011/02/16 v1.5 Avoid name clashes with e-TeX commands (HO)
Package etexcmds Info: Could not find \expanded.
(etexcmds)             That can mean that you are not using pdfTeX 1.50 or
(etexcmds)             that some package has redefined \expanded.
(etexcmds)             In the latter case, load this package earlier.
Package: kvsetkeys 2012/04/25 v1.16 Key value parser (HO)
Package: kvdefinekeys 2011/04/07 v1.3 Define keys (HO)
Package: pdftexcmds 2011/11/29 v0.20 Utility functions of pdfTeX for LuaTeX (HO
)
Package pdftexcmds Info: LuaTeX not detected.
Package pdftexcmds Info: \pdf@primitive is available.
Package pdftexcmds Info: \pdf@ifprimitive is available.
Package pdftexcmds Info: \pdfdraftmode found.
Package: pdfescape 2011/11/25 v1.13 Implements pdfTeX's escape features (HO)
Package: bigintcalc 2012/04/08 v1.3 Expandable calculations on big integers (HO
)
Package: bitset 2011/01/30 v1.1 Handle bit-vector datatype (HO)
Package: uniquecounter 2011/01/30 v1.2 Provide unlimited unique counter (HO)
)
Package hobsub Info: Skipping package `hobsub' (already loaded).
Package: letltxmacro 2010/09/02 v1.4 Let assignment for LaTeX macros (HO)
Package: hopatch 2012/05/28 v1.2 Wrapper for package hooks (HO)
Package: xcolor-patch 2011/01/30 xcolor patch
Package: atveryend 2011/06/30 v1.8 Hooks at the very end of document (HO)
Package: atbegshi 2011/10/05 v1.16 At begin shipout hook (HO)
Package: refcount 2011/10/16 v3.4 Data extraction from label references (HO)
Package: hycolor 2011/01/30 v1.7 Color options for hyperref/bookmark (HO)
)
(/usr/share/texlive/texmf-dist/tex/generic/ifxetex/ifxetex.sty
Package: ifxetex 2010/09/12 v0.6 Provides ifxetex conditional
)
(/usr/share/texlive/texmf-dist/tex/latex/oberdiek/auxhook.sty
Package: auxhook 2011/03/04 v1.3 Hooks for auxiliary files (HO)
)
(/usr/share/texlive/texmf-dist/tex/latex/oberdiek/kvoptions.sty
Package: kvoptions 2011/06/30 v3.11 Key value format for package options (HO)
)
\@linkdim=\dimen139
\Hy@linkcounter=\count139
\Hy@pagecounter=\count140

(/usr/share/texlive/texmf-dist/tex/latex/hyperref/pd1enc.def
File: pd1enc.def 2012/11/06 v6.83m Hyperref: PDFDocEncoding definition (HO)
Now handling font encoding PD1 ...
... no UTF-8 mapping file for font encoding PD1
)
\Hy@SavedSpaceFactor=\count141

(/usr/share/texlive/texmf-dist/tex/latex/latexconfig/hyperref.cfg
File: hyperref.cfg 2002/06/06 v1.2 hyperref configuration of TeXLive
)
Package hyperref Info: Option `hyperfootnotes' set `true' on input line 4319.
Package hyperref Info: Hyper figures OFF on input line 4443.
Package hyperref Info: Link nesting OFF on input line 4448.
Package hyperref Info: Hyper index ON on input line 4451.
Package hyperref Info: Plain pages OFF on input line 4458.
Package hyperref Info: Backreferencing OFF on input line 4463.
Package hyperref Info: Implicit mode ON; LaTeX internals redefined.
Package hyperref Info: Bookmarks ON on input line 4688.
\c@Hy@tempcnt=\count142

(/usr/share/texlive/texmf-dist/tex/latex/url/url.sty
\Urlmuskip=\muskip11
Package: url 2013/09/16  ver 3.4  Verb mode for urls, etc.
)
LaTeX Info: Redefining \url on input line 5041.
\XeTeXLinkMargin=\dimen140
\Fld@menulength=\count143
\Field@Width=\dimen141
\Fld@charsize=\dimen142
Package hyperref Info: Hyper figures OFF on input line 6295.
Package hyperref Info: Link nesting OFF on input line 6300.
Package hyperref Info: Hyper index ON on input line 6303.
Package hyperref Info: backreferencing OFF on input line 6310.
Package hyperref Info: Link coloring OFF on input line 6315.
Package hyperref Info: Link coloring with OCG OFF on input line 6320.
Package hyperref Info: PDF/A mode OFF on input line 6325.
LaTeX Info: Redefining \ref on input line 6365.
LaTeX Info: Redefining \pageref on input line 6369.
\Hy@abspage=\count144
\c@Item=\count145
\c@Hfootnote=\count146
)

Package hyperref Message: Driver (autodetected): hpdftex.

(/usr/share/texlive/texmf-dist/tex/latex/hyperref/hpdftex.def
File: hpdftex.def 2012/11/06 v6.83m Hyperref driver for pdfTeX
\Fld@listcount=\count147
\c@bookmark@seq@number=\count148

(/usr/share/texlive/texmf-dist/tex/latex/oberdiek/rerunfilecheck.sty
Package: rerunfilecheck 2011/04/15 v1.7 Rerun checks for auxiliary files (HO)
Package uniquecounter Info: New unique counter `rerunfilecheck' on input line 2
82.
)
\Hy@SectionHShift=\skip72
)
(/usr/share/texlive/texmf-dist/tex/latex/threeparttable/threeparttable.sty
Package: threeparttable 2003/06/13  v 3.0
\@tempboxb=\box34
)
(/usr/share/texlive/texmf-dist/tex/latex/footnotebackref/footnotebackref.sty
Package: footnotebackref 2012/07/01 v1.0 Backreferences for footnotes (Holger L
ange)
\c@BackrefHyperFootnoteCounter=\count149
)
(/usr/share/texlive/texmf-dist/tex/latex/tablefootnote/tablefootnote.sty
Package: tablefootnote 2014/01/26 v1.1c Table foot notes (HMM)

(/usr/share/texlive/texmf-dist/tex/latex/xifthen/xifthen.sty
Package: xifthen 2015/11/05 v1.4.0 Extended ifthen features

(/usr/share/texlive/texmf-dist/tex/latex/tools/calc.sty
Package: calc 2014/10/28 v4.3 Infix arithmetic (KKT,FJ)
\calc@Acount=\count150
\calc@Bcount=\count151
\calc@Adimen=\dimen143
\calc@Bdimen=\dimen144
\calc@Askip=\skip73
\calc@Bskip=\skip74
LaTeX Info: Redefining \setlength on input line 80.
LaTeX Info: Redefining \addtolength on input line 81.
\calc@Ccount=\count152
\calc@Cskip=\skip75
)
(/usr/share/texlive/texmf-dist/tex/latex/ifmtarg/ifmtarg.sty
Package: ifmtarg 2009/09/02 v1.2a check for an empty argument
)))
(/usr/share/texlive/texmf-dist/tex/latex/tools/layout.sty
Package: layout 2014/10/28 v1.2c Show layout parameters
\oneinch=\count153
\cnt@paperwidth=\count154
\cnt@paperheight=\count155
\cnt@hoffset=\count156
\cnt@voffset=\count157
\cnt@textheight=\count158
\cnt@textwidth=\count159
\cnt@topmargin=\count160
\cnt@oddsidemargin=\count161
\cnt@evensidemargin=\count162
\cnt@headheight=\count163
\cnt@headsep=\count164
\cnt@marginparsep=\count165
\cnt@marginparwidth=\count166
\cnt@marginparpush=\count167
\cnt@footskip=\count168
\fheight=\count169
\ref@top=\count170
\ref@hoffset=\count171
\ref@voffset=\count172
\ref@head=\count173
\ref@body=\count174
\ref@foot=\count175
\ref@margin=\count176
\ref@marginwidth=\count177
\ref@marginpar=\count178
\Interval=\count179
\ExtraYPos=\count180
\PositionX=\count181
\PositionY=\count182
\ArrowLength=\count183
))
\@input{title_info.aux}
\openout2 = `title_info.aux'.

(./title_info.tex) (aux_files/dissertation.aux (aux_files/abstract.aux)
(aux_files/ack.aux) (aux_files/introduction.aux) (aux_files/turb.aux)
(aux_files/patricia.aux

LaTeX Warning: Label `sec:discussion' multiply defined.

) (aux_files/modeling.aux

LaTeX Warning: Label `eq:n2dry' multiply defined.


LaTeX Warning: Label `fig:schematic' multiply defined.

) (aux_files/hs3.aux

LaTeX Warning: Label `sec:discussion' multiply defined.

))
\openout1 = `dissertation.aux'.

LaTeX Font Info:    Checking defaults for OML/cmm/m/it on input line 25.
LaTeX Font Info:    ... okay on input line 25.
LaTeX Font Info:    Checking defaults for T1/cmr/m/n on input line 25.
LaTeX Font Info:    ... okay on input line 25.
LaTeX Font Info:    Checking defaults for OT1/cmr/m/n on input line 25.
LaTeX Font Info:    ... okay on input line 25.
LaTeX Font Info:    Checking defaults for OMS/cmsy/m/n on input line 25.
LaTeX Font Info:    ... okay on input line 25.
LaTeX Font Info:    Checking defaults for OMX/cmex/m/n on input line 25.
LaTeX Font Info:    ... okay on input line 25.
LaTeX Font Info:    Checking defaults for U/cmr/m/n on input line 25.
LaTeX Font Info:    ... okay on input line 25.
LaTeX Font Info:    Checking defaults for TS1/cmr/m/n on input line 25.
LaTeX Font Info:    Try loading font information for TS1+cmr on input line 25.
 (/usr/share/texlive/texmf-dist/tex/latex/base/ts1cmr.fd
File: ts1cmr.fd 2014/09/29 v2.5h Standard LaTeX font definitions
)
LaTeX Font Info:    ... okay on input line 25.
LaTeX Font Info:    Checking defaults for LY/yfrak/m/n on input line 25.
LaTeX Font Info:    ... okay on input line 25.
LaTeX Font Info:    Checking defaults for LYG/ygoth/m/n on input line 25.
LaTeX Font Info:    ... okay on input line 25.
LaTeX Font Info:    Checking defaults for PD1/pdf/m/n on input line 25.
LaTeX Font Info:    ... okay on input line 25.
\symgns@font=\mathgroup4
LaTeX Font Info:    Overwriting symbol font `gns@font' in version `bold'
(Font)                  TS1/cmr/m/n --> TS1/cmr/bx/n on input line 25.
Package gensymb Info: Math companion symbols declared on input line 25.
LaTeX Info: Redefining \degree on input line 25.
LaTeX Info: Redefining \celsius on input line 25.
Package gensymb Info: Using text companion symbols for \degree, \celsius and \p
erthousand on input line 25.
LaTeX Info: Redefining \ohm on input line 25.
Package gensymb Info: Using \textohm for \ohm on input line 25.
Package gensymb Info: Using \textmu for \micro on input line 25.

(/usr/share/texlive/texmf-dist/tex/context/base/supp-pdf.mkii
[Loading MPS to PDF converter (version 2006.09.02).]
\scratchcounter=\count184
\scratchdimen=\dimen145
\scratchbox=\box35
\nofMPsegments=\count185
\nofMParguments=\count186
\everyMPshowfont=\toks33
\MPscratchCnt=\count187
\MPscratchDim=\dimen146
\MPnumerator=\count188
\makeMPintoPDFobject=\count189
\everyMPtoPDFconversion=\toks34
) (/usr/share/texlive/texmf-dist/tex/latex/oberdiek/epstopdf-base.sty
Package: epstopdf-base 2010/02/09 v2.5 Base part for package epstopdf

(/usr/share/texlive/texmf-dist/tex/latex/oberdiek/grfext.sty
Package: grfext 2010/08/19 v1.1 Manage graphics extensions (HO)
)
Package grfext Info: Graphics extension search list:
(grfext)             [.png,.pdf,.jpg,.mps,.jpeg,.jbig2,.jb2,.PNG,.PDF,.JPG,.JPE
G,.JBIG2,.JB2,.eps]
(grfext)             \AppendGraphicsExtensions on input line 452.

(/usr/share/texlive/texmf-dist/tex/latex/latexconfig/epstopdf-sys.cfg
File: epstopdf-sys.cfg 2010/07/13 v1.3 Configuration of (r)epstopdf for TeX Liv
e
))
\AtBeginShipoutBox=\box36
Package hyperref Info: Link coloring OFF on input line 25.

(/usr/share/texlive/texmf-dist/tex/latex/hyperref/nameref.sty
Package: nameref 2012/10/27 v2.43 Cross-referencing by name of section

(/usr/share/texlive/texmf-dist/tex/generic/oberdiek/gettitlestring.sty
Package: gettitlestring 2010/12/03 v1.4 Cleanup title references (HO)
)
\c@section@level=\count190
)
LaTeX Info: Redefining \ref on input line 25.
LaTeX Info: Redefining \pageref on input line 25.
LaTeX Info: Redefining \nameref on input line 25.

(aux_files/dissertation.out) (aux_files/dissertation.out)
\@outlinefile=\write3
\openout3 = `dissertation.out'.

 [1



\providecommand\@newglossary[4]{}
\@newglossary{main}{glg}{gls}{glo}
\@newglossary{acronym}{alg}{acr}{acn}



{/var/lib/texmf/fonts/map/pdftex/updmap/pdftex.map}]
\openout2 = `abstract.aux'.

 (./abstract.tex [2



])
[3]
\openout2 = `ack.aux'.

 (./ack.tex [4




]) [5] (aux_files/dissertation.toc [6


])
\tf@toc=\write4
\openout4 = `dissertation.toc'.

 [7]
\openout2 = `introduction.aux'.


(./introduction.tex
 1.
[1


] [2] [3] [4] [5])
\openout2 = `turb.aux'.

 (./turb.tex
 2.
[6




]
Overfull \hbox (13.60117pt too wide) in paragraph at lines 50--52
[]\T1/cmr/m/n/12 Every sound-ing was vi-su-ally ex-am-ined to en-sure qual-ity,
 and 218 ques-tion-able soundings---
 []

[7] [8] [9]
Overfull \hbox (13.50537pt too wide) in paragraph at lines 110--113
[]\T1/cmr/m/n/12 Stratifying the sound-ings by in-ten-sity re-veals strik-ing d
if-fer-ences in the upper-tropospheric
 []

[10] [11] [12] [13] [14]

LaTeX Warning: Reference `stabsheartime' on page 15 undefined on input line 188
.

[15] [16] <figures/fig1_flightlevelcdo.png, id=546, 1084.05pt x 464.4853pt>
File: figures/fig1_flightlevelcdo.png Graphic file (type png)

<use figures/fig1_flightlevelcdo.png>
Package pdftex.def Info: figures/fig1_flightlevelcdo.png used on input line 240
.
(pdftex.def)             Requested size: 468.0pt x 200.52567pt.

<figures/fig2_brch_allsondes.png, id=548, 602.25pt x 602.25pt>
File: figures/fig2_brch_allsondes.png Graphic file (type png)

<use figures/fig2_brch_allsondes.png>
Package pdftex.def Info: figures/fig2_brch_allsondes.png used on input line 247
.
(pdftex.def)             Requested size: 468.0pt x 468.01627pt.

<figures/fig3_dist_allsondes.png, id=549, 599.99156pt x 569.87906pt>
File: figures/fig3_dist_allsondes.png Graphic file (type png)

<use figures/fig3_dist_allsondes.png>
Package pdftex.def Info: figures/fig3_dist_allsondes.png used on input line 254
.
(pdftex.def)             Requested size: 468.0pt x 444.52126pt.

<figures/fig4_brch_intensity.png, id=550, 986.18437pt x 464.4853pt>
File: figures/fig4_brch_intensity.png Graphic file (type png)

<use figures/fig4_brch_intensity.png>
Package pdftex.def Info: figures/fig4_brch_intensity.png used on input line 262
.
(pdftex.def)             Requested size: 468.0pt x 220.42728pt.

<figures/fig5_stabshear_intensity.png, id=553, 933.4875pt x 434.37282pt>
File: figures/fig5_stabshear_intensity.png Graphic file (type png)

<use figures/fig5_stabshear_intensity.png>
Package pdftex.def Info: figures/fig5_stabshear_intensity.png used on input lin
e 269.
(pdftex.def)             Requested size: 468.0pt x 217.76913pt.

<figures/fig6_temp_diff.png, id=556, 602.25pt x 602.25pt>
File: figures/fig6_temp_diff.png Graphic file (type png)

<use figures/fig6_temp_diff.png>
Package pdftex.def Info: figures/fig6_temp_diff.png used on input line 276.
(pdftex.def)             Requested size: 468.0pt x 468.01627pt.

<figures/fig7_pdf_perturbs_intensity.png, id=557, 595.47469pt x 580.41844pt>
File: figures/fig7_pdf_perturbs_intensity.png Graphic file (type png)

<use figures/fig7_pdf_perturbs_intensity.png>
Package pdftex.def Info: figures/fig7_pdf_perturbs_intensity.png used on input 
line 283.
(pdftex.def)             Requested size: 468.0pt x 456.16972pt.


LaTeX Warning: Reference `section:resultssection??' on page 17 undefined on inp
ut line 284.


LaTeX Warning: Reference `section:resultssection??' on page 17 undefined on inp
ut line 284.

<figures/fig8_brch_intensity.png, id=558, 921.4425pt x 434.37282pt>
File: figures/fig8_brch_intensity.png Graphic file (type png)

<use figures/fig8_brch_intensity.png>
Package pdftex.def Info: figures/fig8_brch_intensity.png used on input line 290
.
(pdftex.def)             Requested size: 468.0pt x 220.61253pt.

<figures/fig9_stabshear_diurnal.png, id=563, 933.4875pt x 434.37282pt>
File: figures/fig9_stabshear_diurnal.png Graphic file (type png)

<use figures/fig9_stabshear_diurnal.png>
Package pdftex.def Info: figures/fig9_stabshear_diurnal.png used on input line 
297.
(pdftex.def)             Requested size: 468.0pt x 217.76913pt.

<figures/fig10_pdf_perturbs_diurnal_0-400km_11-15km_brch_-3-3.png, id=566, 593.
96906pt x 575.90157pt>
File: figures/fig10_pdf_perturbs_diurnal_0-400km_11-15km_brch_-3-3.png Graphic 
file (type png)

<use figures/fig10_pdf_perturbs_diurnal_0-400km_11-15km_brch_-3-3.png>
Package pdftex.def Info: figures/fig10_pdf_perturbs_diurnal_0-400km_11-15km_brc
h_-3-3.png used on input line 304.
(pdftex.def)             Requested size: 468.0pt x 453.77972pt.
)
[17] [18 <./figures/fig1_flightlevelcdo.png>] [19 <./figures/fig2_brch_allsonde
s.png>] [20 <./figures/fig3_dist_allsondes.png>] [21 <./figures/fig4_brch_inten
sity.png> <./figures/fig5_stabshear_intensity.png>] [22 <./figures/fig6_temp_di
ff.png>] [23 <./figures/fig7_pdf_perturbs_intensity.png>] [24 <./figures/fig8_b
rch_intensity.png> <./figures/fig9_stabshear_diurnal.png>] [25 <./figures/fig10
_pdf_perturbs_diurnal_0-400km_11-15km_brch_-3-3.png>]
\openout2 = `patricia.aux'.

 (./patricia.tex
 3.
[26



] [27]
LaTeX Font Info:    Try loading font information for T1+cmtt on input line 57.
 (/usr/share/texlive/texmf-dist/tex/latex/base/t1cmtt.fd
File: t1cmtt.fd 2014/09/29 v2.5h Standard LaTeX font definitions
)
Overfull \hbox (2.35564pt too wide) in paragraph at lines 57--61
\T1/cmtt/m/n/12 aoml . noaa . gov / hrd / Storm _ pages / patricia2015 / patric
ia . trak$[]\T1/cmr/m/n/12 ). The WB-57 drop-sonde
 []


LaTeX Warning: Reference `patricia_ir' on page 28 undefined on input line 70.

[28] [29] [30] [31] [32] [33] [34] [35] [36] [37] [38] [39]
Overfull \hbox (26.42305pt too wide) in paragraph at lines 258--268
 [] 
 []

<figures/fig01_patricia_ir.png, id=903, 1171.37625pt x 1151.80313pt>
File: figures/fig01_patricia_ir.png Graphic file (type png)

<use figures/fig01_patricia_ir.png>
Package pdftex.def Info: figures/fig01_patricia_ir.png used on input line 275.
(pdftex.def)             Requested size: 468.0pt x 460.18584pt.

<figures/fig02_patricia-intensity.png, id=904, 803.0pt x 803.0pt>
File: figures/fig02_patricia-intensity.png Graphic file (type png)

<use figures/fig02_patricia-intensity.png>
Package pdftex.def Info: figures/fig02_patricia-intensity.png used on input lin
e 282.
(pdftex.def)             Requested size: 468.0pt x 468.0071pt.

<figures/fig03_cp_temp+theta+pres.png, id=911, 786.94pt x 2372.865pt>
File: figures/fig03_cp_temp+theta+pres.png Graphic file (type png)

<use figures/fig03_cp_temp+theta+pres.png>
Package pdftex.def Info: figures/fig03_cp_temp+theta+pres.png used on input lin
e 289.
(pdftex.def)             Requested size: 192.0pt x 578.91306pt.


LaTeX Warning: Float too large for page by 25.48306pt on input line 292.

<figures/fig04_dtdz+stab.png, id=912, 1332.47812pt x 2372.865pt>
File: figures/fig04_dtdz+stab.png Graphic file (type png)

<use figures/fig04_dtdz+stab.png>
Package pdftex.def Info: figures/fig04_dtdz+stab.png used on input line 296.
(pdftex.def)             Requested size: 288.0pt x 512.83536pt.


LaTeX Warning: Float too large for page by 17.40536pt on input line 299.

<figures/fig05_theta+anomalies.png, id=913, 1336.995pt x 2372.865pt>
File: figures/fig05_theta+anomalies.png Graphic file (type png)

<use figures/fig05_theta+anomalies.png>
Package pdftex.def Info: figures/fig05_theta+anomalies.png used on input line 3
03.
(pdftex.def)             Requested size: 288.0pt x 511.13364pt.

<figures/fig06_deltatheta.png, id=916, 1603.9925pt x 780.9175pt>
File: figures/fig06_deltatheta.png Graphic file (type png)

<use figures/fig06_deltatheta.png>
Package pdftex.def Info: figures/fig06_deltatheta.png used on input line 310.
(pdftex.def)             Requested size: 468.0pt x 227.8425pt.

<figures/fig07_schematic.png, id=917, 569.12625pt x 542.025pt>
File: figures/fig07_schematic.png Graphic file (type png)

<use figures/fig07_schematic.png>
Package pdftex.def Info: figures/fig07_schematic.png used on input line 317.
(pdftex.def)             Requested size: 396.0pt x 377.15703pt.

<figures/fig08_hovmoller_tbpercent.png, id=918, 661.47125pt x 560.0925pt>
File: figures/fig08_hovmoller_tbpercent.png Graphic file (type png)

<use figures/fig08_hovmoller_tbpercent.png>
Package pdftex.def Info: figures/fig08_hovmoller_tbpercent.png used on input li
ne 324.
(pdftex.def)             Requested size: 468.0pt x 396.26686pt.

<figures/fig09_CFTD.png, id=919, 655.44875pt x 560.0925pt>
File: figures/fig09_CFTD.png Graphic file (type png)

<use figures/fig09_CFTD.png>
Package pdftex.def Info: figures/fig09_CFTD.png used on input line 331.
(pdftex.def)             Requested size: 468.0pt x 399.91614pt.

<figures/fig10_velocities.png, id=920, 1213.53375pt x 1186.4325pt>
File: figures/fig10_velocities.png Graphic file (type png)

<use figures/fig10_velocities.png>
Package pdftex.def Info: figures/fig10_velocities.png used on input line 339.
(pdftex.def)             Requested size: 468.0pt x 457.54732pt.
) [40] [41 <./figures/fig01_patricia_ir.png>] [42 <./figures/fig02_patricia-int
ensity.png>] [43 <./figures/fig03_cp_temp+theta+pres.png>] [44 <./figures/fig04
_dtdz+stab.png>] [45 <./figures/fig05_theta+anomalies.png>] [46 <./figures/fig0
6_deltatheta.png>] [47 <./figures/fig07_schematic.png>] [48 <./figures/fig08_ho
vmoller_tbpercent.png>] [49 <./figures/fig09_CFTD.png>] [50 <./figures/fig10_ve
locities.png>]
\openout2 = `modeling.aux'.

 (./modeling.tex
 4.
[51



] [52] [53] [54] [55] [56] [57] [58] [59]
Overfull \hbox (14.1484pt too wide) in paragraph at lines 245--257
[]\T1/cmr/m/n/12 During the RI pe-riod, strong ra-dial and ver-ti-cal cir-cu-la
-tions de-vel-oped near the tropopause
 []

[60] [61] [62] [63] [64]
<figures/vmax+pmin.png, id=1225, 780.9175pt x 1492.57625pt>
File: figures/vmax+pmin.png Graphic file (type png)

<use figures/vmax+pmin.png>
Package pdftex.def Info: figures/vmax+pmin.png used on input line 373.
(pdftex.def)             Requested size: 228.0pt x 435.77399pt.

<figures/mod+bud+res.png, id=1226, 2294.5725pt x 2089.8075pt>
File: figures/mod+bud+res.png Graphic file (type png)

<use figures/mod+bud+res.png>
Package pdftex.def Info: figures/mod+bud+res.png used on input line 380.
(pdftex.def)             Requested size: 468.0pt x 426.21306pt.

<figures/AVG_budterms.png, id=1233, 803.0pt x 803.0pt>
File: figures/AVG_budterms.png Graphic file (type png)

<use figures/AVG_budterms.png>
Package pdftex.def Info: figures/AVG_budterms.png used on input line 390.
(pdftex.def)             Requested size: 228.0pt x 227.99968pt.

<figures/n2-24hr-avgs.png, id=1234, 1515.6625pt x 1369.115pt>
File: figures/n2-24hr-avgs.png Graphic file (type png)

<use figures/n2-24hr-avgs.png>
Package pdftex.def Info: figures/n2-24hr-avgs.png used on input line 398.
(pdftex.def)             Requested size: 468.0pt x 422.74998pt.

<figures/h000-h024-budgetterms.png, id=1235, 1529.715pt x 2077.7625pt>
File: figures/h000-h024-budgetterms.png Graphic file (type png)

<use figures/h000-h024-budgetterms.png>
Package pdftex.def Info: figures/h000-h024-budgetterms.png used on input line 4
06.
(pdftex.def)             Requested size: 468.0pt x 635.66644pt.

<figures/h024-h048-budgetterms.png, id=1236, 1529.715pt x 2077.7625pt>
File: figures/h024-h048-budgetterms.png Graphic file (type png)

<use figures/h024-h048-budgetterms.png>
Package pdftex.def Info: figures/h024-h048-budgetterms.png used on input line 4
17.
(pdftex.def)             Requested size: 468.0pt x 635.66644pt.


LaTeX Warning: Float too large for page by 12.06921pt on input line 420.

<figures/h048-h072-budgetterms.png, id=1238, 1529.715pt x 2077.7625pt>
File: figures/h048-h072-budgetterms.png Graphic file (type png)

<use figures/h048-h072-budgetterms.png>
Package pdftex.def Info: figures/h048-h072-budgetterms.png used on input line 4
24.
(pdftex.def)             Requested size: 468.0pt x 635.66644pt.


LaTeX Warning: Float too large for page by 12.06921pt on input line 427.

<figures/h024-h048-adv.png, id=1240, 1530.71875pt x 1381.16pt>
File: figures/h024-h048-adv.png Graphic file (type png)

<use figures/h024-h048-adv.png>
Package pdftex.def Info: figures/h024-h048-adv.png used on input line 431.
(pdftex.def)             Requested size: 468.0pt x 422.27531pt.

<figures/qi+radten.png, id=1241, 1535.7375pt x 2053.6725pt>
File: figures/qi+radten.png Graphic file (type png)

<use figures/qi+radten.png>
Package pdftex.def Info: figures/qi+radten.png used on input line 453.
(pdftex.def)             Requested size: 468.0pt x 625.82082pt.

<figures/Schematic2.png, id=1242, 722.7pt x 542.025pt>
File: figures/Schematic2.png Graphic file (type png)

<use figures/Schematic2.png>
Package pdftex.def Info: figures/Schematic2.png used on input line 462.
(pdftex.def)             Requested size: 468.0pt x 350.99704pt.

<figures/khvten.png, id=1243, 1543.7675pt x 1369.115pt>
File: figures/khvten.png Graphic file (type png)

<use figures/khvten.png>
Package pdftex.def Info: figures/khvten.png used on input line 469.
(pdftex.def)             Requested size: 468.0pt x 415.04121pt.

<figures/fulltrop.png, id=1244, 764.8575pt x 2065.7175pt>
File: figures/fulltrop.png Graphic file (type png)

<use figures/fulltrop.png>
Package pdftex.def Info: figures/fulltrop.png used on input line 476.
(pdftex.def)             Requested size: 228.0pt x 615.78pt.
) [65] [66 <./figures/vmax+pmin.png>] [67 <./figures/mod+bud+res.png>] [68 <./f
igures/AVG_budterms.png>] [69 <./figures/n2-24hr-avgs.png>] [70 <./figures/h000
-h024-budgetterms.png>] [71] [72 <./figures/h024-h048-budgetterms.png>] [73 <./
figures/h048-h072-budgetterms.png>] [74 <./figures/h024-h048-adv.png>] [75 <./f
igures/qi+radten.png>] [76 <./figures/Schematic2.png>] [77 <./figures/khvten.pn
g>] [78 <./figures/fulltrop.png>] [79]
\openout2 = `hs3.aux'.

 (./hs3.tex
 5.

Package natbib Warning: Citation `Young2012' on page 80 undefined on input line
 23.


Package natbib Warning: Citation `Brown2013' on page 80 undefined on input line
 23.


Package natbib Warning: Citation `MolinariVolarro2012' on page 80 undefined on 
input line 25.

[80



] <figures/nadine-skewt.png, id=1329, 1554.80875pt x 780.9175pt>
File: figures/nadine-skewt.png Graphic file (type png)

<use figures/nadine-skewt.png>
Package pdftex.def Info: figures/nadine-skewt.png used on input line 50.
(pdftex.def)             Requested size: 468.0pt x 235.05157pt.

<figures/nadine-n2.png, id=1330, 1558.82375pt x 1415.2875pt>
File: figures/nadine-n2.png Graphic file (type png)

<use figures/nadine-n2.png>
Package pdftex.def Info: figures/nadine-n2.png used on input line 57.
(pdftex.def)             Requested size: 468.0pt x 424.89186pt.

<figures/skewt-examples.png, id=1331, 1525.7pt x 1569.865pt>
File: figures/skewt-examples.png Graphic file (type png)

<use figures/skewt-examples.png>
Package pdftex.def Info: figures/skewt-examples.png used on input line 64.
(pdftex.def)             Requested size: 468.0pt x 481.52693pt.

<figures/tb_cdf_10Cbins_0-500km.png, id=1332, 803.0pt x 803.0pt>
File: figures/tb_cdf_10Cbins_0-500km.png Graphic file (type png)

<use figures/tb_cdf_10Cbins_0-500km.png>
Package pdftex.def Info: figures/tb_cdf_10Cbins_0-500km.png used on input line 
71.
(pdftex.def)             Requested size: 324.0pt x 324.0002pt.

<figures/stationmap+stormlocations.png, id=1333, 771.88374pt x 1147.28625pt>
File: figures/stationmap+stormlocations.png Graphic file (type png)

<use figures/stationmap+stormlocations.png>
Package pdftex.def Info: figures/stationmap+stormlocations.png used on input li
ne 78.
(pdftex.def)             Requested size: 324.0pt x 481.57684pt.

<figures/sondelocs-scatterplot.png, id=1334, 1455.4375pt x 1551.7975pt>
File: figures/sondelocs-scatterplot.png Graphic file (type png)

<use figures/sondelocs-scatterplot.png>
Package pdftex.def Info: figures/sondelocs-scatterplot.png used on input line 8
5.
(pdftex.def)             Requested size: 468.0pt x 498.97688pt.

<figures/t+dtdz+d2tdz2-intensity-montage.png, id=1335, 2436.10126pt x 790.955pt
>
File: figures/t+dtdz+d2tdz2-intensity-montage.png Graphic file (type png)
 <use figures/t+dtdz+d2tdz2-intensity-montage.png>
Package pdftex.def Info: figures/t+dtdz+d2tdz2-intensity-montage.png used on in
put line 92.
(pdftex.def)             Requested size: 468.0pt x 151.94853pt.

<figures/t+dtdz+d2tdz2-irbt-montage.png, id=1336, 2436.10126pt x 790.955pt>
File: figures/t+dtdz+d2tdz2-irbt-montage.png Graphic file (type png)

<use figures/t+dtdz+d2tdz2-irbt-montage.png>
Package pdftex.def Info: figures/t+dtdz+d2tdz2-irbt-montage.png used on input l
ine 99.
(pdftex.def)             Requested size: 468.0pt x 151.94853pt.
) [81 <./figures/nadine-skewt.png>] [82 <./figures/nadine-n2.png>] [83 <./figur
es/skewt-examples.png>] [84 <./figures/tb_cdf_10Cbins_0-500km.png>] [85 <./figu
res/stationmap+stormlocations.png>] [86 <./figures/sondelocs-scatterplot.png>] 
[87 <./figures/t+dtdz+d2tdz2-intensity-montage.png> <./figures/t+dtdz+d2tdz2-ir
bt-montage.png>]
(aux_files/dissertation.bbl [88


] [89] [90] [91] [92] [93] [94] [95] [96])

Package natbib Warning: There were undefined citations.

Package atveryend Info: Empty hook `BeforeClearDocument' on input line 51.
[97]
Package atveryend Info: Empty hook `AfterLastShipout' on input line 51.
 (aux_files/dissertation.aux (aux_files/abstract.aux) (aux_files/ack.aux)
(aux_files/introduction.aux) (aux_files/turb.aux) (aux_files/patricia.aux)
(aux_files/modeling.aux) (aux_files/hs3.aux))
Package atveryend Info: Executing hook `AtVeryEndDocument' on input line 51.
Package atveryend Info: Executing hook `AtEndAfterFileList' on input line 51.
Package rerunfilecheck Info: File `dissertation.out' has not changed.
(rerunfilecheck)             Checksum: <no file>.


LaTeX Warning: There were undefined references.


LaTeX Warning: There were multiply-defined labels.

 ) 
Here is how much of TeX's memory you used:
 12506 strings out of 494953
 184322 string characters out of 6180976
 344981 words of memory out of 5000000
 15143 multiletter control sequences out of 15000+600000
 17458 words of font info for 45 fonts, out of 8000000 for 9000
 14 hyphenation exceptions out of 8191
 50i,12n,45p,2005b,600s stack positions out of 5000i,500n,10000p,200000b,80000s
 </home/patrick/.texmf-var/fonts/pk/ljfour/jknappen/ec/tcrm0800.600pk> </home
/patrick/.texmf-var/fonts/pk/ljfour/jknappen/ec/ecrm1000.600pk> </home/patrick/
.texmf-var/fonts/pk/ljfour/jknappen/ec/ecrm0700.600pk> </home/patrick/.texmf-va
r/fonts/pk/ljfour/jknappen/ec/ectt1200.600pk> </home/patrick/.texmf-var/fonts/p
k/ljfour/jknappen/ec/ecti1200.600pk> </home/patrick/.texmf-var/fonts/pk/ljfour/
jknappen/ec/tcrm1200.600pk> </home/patrick/.texmf-var/fonts/pk/ljfour/jknappen/
ec/ecrm0800.600pk> </home/patrick/.texmf-var/fonts/pk/ljfour/jknappen/ec/ecbx12
00.600pk> </home/patrick/.texmf-var/fonts/pk/ljfour/jknappen/ec/ecrm1200.600pk>
 </home/patrick/.texmf-var/fonts/pk/ljfour/jknappen/ec/ecbx1440.600pk></usr/sha
re/texlive/texmf-dist/fonts/type1/public/amsfonts/cm/cmex10.pfb></usr/share/tex
live/texmf-dist/fonts/type1/public/amsfonts/cm/cmmi10.pfb></usr/share/texlive/t
exmf-dist/fonts/type1/public/amsfonts/cm/cmmi12.pfb></usr/share/texlive/texmf-d
ist/fonts/type1/public/amsfonts/cm/cmmi8.pfb></usr/share/texlive/texmf-dist/fon
ts/type1/public/amsfonts/cm/cmr12.pfb></usr/share/texlive/texmf-dist/fonts/type
1/public/amsfonts/cm/cmr6.pfb></usr/share/texlive/texmf-dist/fonts/type1/public
/amsfonts/cm/cmr7.pfb></usr/share/texlive/texmf-dist/fonts/type1/public/amsfont
s/cm/cmr8.pfb></usr/share/texlive/texmf-dist/fonts/type1/public/amsfonts/cm/cms
y10.pfb>
Output written on aux_files/dissertation.pdf (104 pages, 13666100 bytes).
PDF statistics:
 1897 PDF objects out of 2073 (max. 8388607)
 1361 compressed objects within 14 object streams
 297 named destinations out of 1000 (max. 500000)
 505 words of extra memory for PDF output out of 10000 (max. 10000000)

